<?xml version="1.0" encoding="UTF-8"?>
<!-- Generated by org.testng.reporters.JUnitReportReporter -->
<testsuite hostname="alice" failures="0" tests="1" name="test.samp.test" time="44.708" errors="0" timestamp="2021-04-22T10:53:19 IST" skipped="0">
  <testcase classname="test.samp.test" name="main" time="44.708"/>
  <system-out/>
</testsuite> <!-- test.samp.test -->
